timestamp: 2018-06-25T13:17:19.045327
CREATE TABLE "web2py_session_ProjectWebsite"(
    "id" INTEGER PRIMARY KEY AUTOINCREMENT,
    "locked" CHAR(1),
    "client_ip" CHAR(64),
    "created_datetime" TIMESTAMP,
    "modified_datetime" TIMESTAMP,
    "unique_key" CHAR(64),
    "session_data" BLOB
);
success!
timestamp: 2018-06-25T13:17:19.054028
CREATE TABLE "auth_user"(
    "id" INTEGER PRIMARY KEY AUTOINCREMENT,
    "first_name" CHAR(128),
    "last_name" CHAR(128),
    "email" CHAR(512),
    "password" CHAR(512),
    "registration_key" CHAR(512),
    "reset_password_key" CHAR(512),
    "registration_id" CHAR(512)
);
success!
timestamp: 2018-06-25T13:17:19.059034
CREATE TABLE "auth_group"(
    "id" INTEGER PRIMARY KEY AUTOINCREMENT,
    "role" CHAR(512),
    "description" TEXT
);
success!
timestamp: 2018-06-25T13:17:19.061956
CREATE TABLE "auth_membership"(
    "id" INTEGER PRIMARY KEY AUTOINCREMENT,
    "user_id" INTEGER REFERENCES "auth_user" ("id") ON DELETE CASCADE  ,
    "group_id" INTEGER REFERENCES "auth_group" ("id") ON DELETE CASCADE  
);
success!
timestamp: 2018-06-25T13:17:19.065858
CREATE TABLE "auth_permission"(
    "id" INTEGER PRIMARY KEY AUTOINCREMENT,
    "group_id" INTEGER REFERENCES "auth_group" ("id") ON DELETE CASCADE  ,
    "name" CHAR(512),
    "table_name" CHAR(512),
    "record_id" INTEGER
);
success!
timestamp: 2018-06-25T13:17:19.070652
CREATE TABLE "auth_event"(
    "id" INTEGER PRIMARY KEY AUTOINCREMENT,
    "time_stamp" TIMESTAMP,
    "client_ip" CHAR(512),
    "user_id" INTEGER REFERENCES "auth_user" ("id") ON DELETE CASCADE  ,
    "origin" CHAR(512),
    "description" TEXT
);
success!
timestamp: 2018-06-25T13:17:19.074564
CREATE TABLE "auth_cas"(
    "id" INTEGER PRIMARY KEY AUTOINCREMENT,
    "user_id" INTEGER REFERENCES "auth_user" ("id") ON DELETE CASCADE  ,
    "created_on" TIMESTAMP,
    "service" CHAR(512),
    "ticket" CHAR(512),
    "renew" CHAR(1)
);
success!
timestamp: 2018-06-25T13:17:19.080169
CREATE TABLE "user_info"(
    "id" INTEGER PRIMARY KEY AUTOINCREMENT,
    "user_email" CHAR(512),
    "first_name" CHAR(512),
    "last_name" CHAR(512),
    "phone" DOUBLE,
    "date_of_birth" TIMESTAMP,
    "address" CHAR(512),
    "city" CHAR(512),
    "zip" CHAR(512),
    "gpa" DOUBLE,
    "income" DOUBLE,
    "family_members" INTEGER,
    "race" CHAR(512),
    "updated_on" TIMESTAMP,
    "is_public" CHAR(1),
    "cover_letter" CHAR(512)
);
success!
timestamp: 2018-06-25T13:17:19.088416
CREATE TABLE "scholarships"(
    "id" INTEGER PRIMARY KEY AUTOINCREMENT,
    "scholarship_name" CHAR(512),
    "information" TEXT,
    "scholarship_amount" DOUBLE,
    "contact_name" CHAR(512),
    "contact_email" CHAR(512)
);
success!
